2024-02-28 09:09:27,946 DEBUG    root            Loaded Command Group: ['gcloud', 'auth']
2024-02-28 09:09:27,969 DEBUG    root            Loaded Command Group: ['gcloud', 'auth', 'configure_docker']
2024-02-28 09:09:27,975 DEBUG    root            Running [gcloud.auth.configure-docker] with arguments: [--quiet: "True"]
2024-02-28 09:09:28,306 WARNING  root            Your config file at [/home/jupyter/.docker/config.json] contains these credential helper entries:

{
  "credHelpers": {
    "gcr.io": "gcloud",
    "us.gcr.io": "gcloud",
    "eu.gcr.io": "gcloud",
    "asia.gcr.io": "gcloud",
    "staging-k8s.gcr.io": "gcloud",
    "marketplace.gcr.io": "gcloud"
  }
}
2024-02-28 09:09:28,306 INFO     ___FILE_ONLY___ Adding credentials for all GCR repositories.

2024-02-28 09:09:28,307 WARNING  root            A long list of credential helpers may cause delays running 'docker build'. We recommend passing the registry name to configure only the registry you are using.
2024-02-28 09:09:28,307 INFO     ___FILE_ONLY___ gcloud credential helpers already registered correctly.

2024-02-28 09:09:28,307 DEBUG    root            Chosen display Format:default
2024-02-28 09:09:28,312 INFO     root            Display format: "default"
2024-02-28 09:09:28,313 DEBUG    root            SDK update checks are disabled.
